********************************************************************************************************
********************************************************************************************************
********************************************************************************************************
             ______             _                 _       _____                    _
            |  ____|           | |               | |     / ____|                  | |
            | |__ __ _  ___ ___| |__   ___   ___ | | __ | |     _ __ __ ___      _| | ___ _ __
            |  __/ _` |/ __/ _ \ '_ \ / _ \ / _ \| |/ / | |    | '__/ _` \ \ /\ / / |/ _ \ '__|
            | | | (_| | (_|  __/ |_) | (_) | (_) |   <  | |____| | | (_| |\ V  V /| |  __/ |
            |_|  \__,_|\___\___|_.__/ \___/ \___/|_|\_\  \_____|_|  \__,_| \_/\_/ |_|\___|_|

********************************************************************************************************
********************************************************************************************************
********************************************************************************************************
This is logger file that represent the progress of the Crawler.
This action can take a while.
Sit back relax and enjoy...

****************************************************************************************************
Facebook crawler module initialized!
****************************************************************************************************
Try to log in to Facebook...
Could not login to facebook! :(
Please Check your email and password..
****************************************************************************************************
Facebook crawler module initialized!
****************************************************************************************************
Try to log in to Facebook...
Could not login to facebook! :(
Please Check your email and password..
****************************************************************************************************
Facebook crawler module initialized!
****************************************************************************************************
Try to log in to Facebook...
****************************************************************************************************
Facebook crawler module initialized!
****************************************************************************************************
Try to log in to Facebook...
****************************************************************************************************
Facebook crawler module initialized!
****************************************************************************************************
Try to log in to Facebook...
****************************************************************************************************
Facebook crawler module initialized!
****************************************************************************************************
Try to log in to Facebook...
Could not login to facebook! :(
Please Check your email and password..
****************************************************************************************************
Facebook crawler module initialized!
****************************************************************************************************
Try to log in to Facebook...
Could not login to facebook! :(
Please Check your email and password..
****************************************************************************************************
Facebook crawler module initialized!
****************************************************************************************************
Try to log in to Facebook...
Could not login to facebook! :(
Please Check your email and password..
****************************************************************************************************
Facebook crawler module initialized!
****************************************************************************************************
Try to log in to Facebook...
Could not login to facebook! :(
Please Check your email and password..
****************************************************************************************************
Facebook crawler module initialized!
****************************************************************************************************
Try to log in to Facebook...
Could not login to facebook! :(
Please Check your email and password..
****************************************************************************************************
Facebook crawler module initialized!
****************************************************************************************************
Try to log in to Facebook...
Could not login to facebook! :(
Please Check your email and password..
****************************************************************************************************
Facebook crawler module initialized!
****************************************************************************************************
Try to log in to Facebook...
Could not login to facebook! :(
Please Check your email and password..
****************************************************************************************************
Facebook crawler module initialized!
****************************************************************************************************
Try to log in to Facebook...
Could not login to facebook! :(
Please Check your email and password..
****************************************************************************************************
Facebook crawler module initialized!
****************************************************************************************************
Try to log in to Facebook...
Could not login to facebook! :(
Please Check your email and password..
****************************************************************************************************
Facebook crawler module initialized!
****************************************************************************************************
Try to log in to Facebook...
Could not login to facebook! :(
Please Check your email and password..
****************************************************************************************************
Facebook crawler module initialized!
****************************************************************************************************
Try to log in to Facebook...
Could not login to facebook! :(
Please Check your email and password..
****************************************************************************************************
Facebook crawler module initialized!
****************************************************************************************************
Try to log in to Facebook...
****************************************************************************************************
Facebook crawler module initialized!
****************************************************************************************************
Try to log in to Facebook...
****************************************************************************************************
Facebook crawler module initialized!
****************************************************************************************************
Try to log in to Facebook...
****************************************************************************************************
Facebook crawler module initialized!
****************************************************************************************************
Try to log in to Facebook...
****************************************************************************************************
Facebook crawler module initialized!
****************************************************************************************************
Try to log in to Facebook...
Successfully Logged in!
****************************************************************************************************
Facebook crawler module initialized!
****************************************************************************************************
Try to log in to Facebook...
****************************************************************************************************
Facebook crawler module initialized!
****************************************************************************************************
Try to log in to Facebook...
Could not login to facebook! :(
Please Check your email and password..
****************************************************************************************************
Facebook crawler module initialized!
****************************************************************************************************
Try to log in to Facebook...
Successfully Logged in!
****************************************************************************************************
Facebook crawler module initialized!
****************************************************************************************************
Try to log in to Facebook...
Successfully Logged in!
****************************************************************************************************
Facebook crawler module initialized!
****************************************************************************************************
Try to log in to Facebook...
Successfully Logged in!
****************************************************************************************************
Facebook crawler module initialized!
****************************************************************************************************
****************************************************************************************************
Facebook crawler module initialized!
****************************************************************************************************
Try to log in to Facebook...
Successfully Logged in!
Start to get first circle data..
Finished to get first circle data!
****************************************************************************************************
Facebook crawler module initialized!
****************************************************************************************************
Try to log in to Facebook...
Successfully Logged in!
****************************************************************************************************
Facebook crawler module initialized!
****************************************************************************************************
Try to log in to Facebook...
Successfully Logged in!
****************************************************************************************************
Facebook crawler module initialized!
****************************************************************************************************
Try to log in to Facebook...
Successfully Logged in!
****************************************************************************************************
Facebook crawler module initialized!
****************************************************************************************************
Try to log in to Facebook...
Successfully Logged in!
****************************************************************************************************
Facebook crawler module initialized!
****************************************************************************************************
Try to log in to Facebook...
Successfully Logged in!
****************************************************************************************************
Facebook crawler module initialized!
****************************************************************************************************
Try to log in to Facebook...
Successfully Logged in!
****************************************************************************************************
Facebook crawler module initialized!
****************************************************************************************************
Try to log in to Facebook...
Successfully Logged in!
Start to get first circle data..
****************************************************************************************************
Facebook crawler module initialized!
****************************************************************************************************
Try to log in to Facebook...
Successfully Logged in!
****************************************************************************************************
Facebook crawler module initialized!
****************************************************************************************************
Try to log in to Facebook...
Successfully Logged in!
****************************************************************************************************
Facebook crawler module initialized!
****************************************************************************************************
Try to log in to Facebook...
Successfully Logged in!
Start to get first circle data..
Finished to get first circle data!
Start to work on second level data.. This will take a while..
Finished to work on second level data!
Got all possible data.. Generating final graph.
Finished to generate final graph.. Moving to graph presentation
****************************************************************************************************
Facebook crawler module initialized!
****************************************************************************************************
Try to log in to Facebook...
Successfully Logged in!
Start to get first circle data..
Finished to get first circle data!
Start to work on second level data.. This will take a while..
Finished to work on second level data!
Got all possible data.. Generating final graph.
Finished to generate final graph.. Moving to graph presentation
